<?xml version="1.0" encoding="UTF-8"?>
<!-- Generated by org.testng.reporters.JUnitXMLReporter -->
<testsuite ignored="2" hostname="EG-J532MG3" failures="0" tests="0" time="0.012" errors="0" timestamp="2024-05-20T11:23:50 EET">
  <testcase classname="AutomationFramework.AutomationFrameworkProject.ErrorValidation" name="productErrorValidation" time="0.0">
    <ignored/>
  </testcase> <!-- productErrorValidation -->
  <testcase classname="AutomationFramework.AutomationFrameworkProject.ErrorValidation" name="LoginErrorValidation" time="0.0">
    <ignored/>
  </testcase> <!-- LoginErrorValidation -->
</testsuite>
