<?xml version="1.0" encoding="UTF-8"?>
<!-- Generated by org.testng.reporters.JUnitXMLReporter -->
<testsuite ignored="1" hostname="EG-J532MG3" failures="1" tests="2" name="Submit Order Test" time="111.31" errors="0" timestamp="2024-05-20T11:25:41 EET">
  <testcase classname="AutomationFramework.AutomationFrameworkProject.SubmitOrderTest" name="submitOrder" time="55.179">
    <failure type="java.lang.AssertionError">
      <![CDATA[java.lang.AssertionError
at org.junit.Assert.fail(Assert.java:86)
at org.junit.Assert.assertTrue(Assert.java:41)
at org.junit.Assert.assertTrue(Assert.java:52)
at AutomationFramework.AutomationFrameworkProject.SubmitOrderTest.submitOrder(SubmitOrderTest.java:33)
at java.base/java.util.ArrayList.forEach(ArrayList.java:1511)
at java.base/java.util.concurrent.FutureTask.run(FutureTask.java:264)
at java.base/java.util.concurrent.ThreadPoolExecutor.runWorker(ThreadPoolExecutor.java:1136)
at java.base/java.util.concurrent.ThreadPoolExecutor$Worker.run(ThreadPoolExecutor.java:635)
at java.base/java.lang.Thread.run(Thread.java:833)
... Removed 17 stack frames]]>
    </failure>
  </testcase> <!-- submitOrder -->
  <testcase classname="AutomationFramework.AutomationFrameworkProject.SubmitOrderTest" name="submitOrder" time="21.362"/>
  <testcase classname="AutomationFramework.AutomationFrameworkProject.SubmitOrderTest" name="OrderHistoryTest" time="0.0">
    <ignored/>
  </testcase> <!-- OrderHistoryTest -->
</testsuite> <!-- Submit Order Test -->
