<?xml version="1.0" encoding="UTF-8"?>
<testsuite xmlns:xsi="http://www.w3.org/2001/XMLSchema-instance" xsi:noNamespaceSchemaLocation="https://maven.apache.org/surefire/maven-surefire-plugin/xsd/surefire-test-report.xsd" name="TestSuite" time="99.253" tests="3" errors="0" skipped="1" failures="1">
  <properties>
[...]
</properties>
  <testcase name="submitOrder" classname="AutomationFramework.AutomationFrameworkProject.SubmitOrderTest" time="21.847"/>
  <testcase name="submitOrder" classname="AutomationFramework.AutomationFrameworkProject.SubmitOrderTest" time="2.138">
    <failure message="Element &lt;button class=&quot;btn btn-custom&quot;&gt; is not clickable at point (1284,27) because another element &lt;div class=&quot;ngx-spinner-overlay ng-tns-c31-1 ng-trigger ng-trigger-fadeIn ng-star-inserted&quot;&gt; obscures it&#10;Build info: version: &apos;4.19.1&apos;, revision: &apos;abe0ee07dc&apos;&#10;System info: os.name: &apos;Windows 10&apos;, os.arch: &apos;amd64&apos;, os.version: &apos;10.0&apos;, java.version: &apos;17.0.3.1&apos;&#10;Driver info: org.openqa.selenium.firefox.FirefoxDriver&#10;Command: [4e26d0cd-6841-4111-8fa6-161a1cce6a50, clickElement {id=5b2649d1-f215-4859-8e2c-4daedcf01c20}]&#10;Capabilities {acceptInsecureCerts: true, browserName: firefox, browserVersion: 126.0, moz:accessibilityChecks: false, moz:buildID: 20240509170740, moz:debuggerAddress: 127.0.0.1:3837, moz:geckodriverVersion: 0.34.0, moz:headless: false, moz:platformVersion: 10.0, moz:processID: 25388, moz:profile: C:\Users\SARA~1.HUS\AppData..., moz:shutdownTimeout: 60000, moz:webdriverClick: true, moz:windowless: false, pageLoadStrategy: normal, platformName: windows, proxy: Proxy(), se:cdp: ws://127.0.0.1:3837/devtool..., se:cdpVersion: 85.0, setWindowRect: true, strictFileInteractability: false, timeouts: {implicit: 0, pageLoad: 300000, script: 30000}, unhandledPromptBehavior: dismiss and notify, userAgent: Mozilla/5.0 (Windows NT 10....}&#10;Element: [[FirefoxDriver: firefox on windows (4e26d0cd-6841-4111-8fa6-161a1cce6a50)] -&gt; css selector: [routerlink*=&apos;cart&apos;]]&#10;Session ID: 4e26d0cd-6841-4111-8fa6-161a1cce6a50" type="org.openqa.selenium.ElementClickInterceptedException"><![CDATA[org.openqa.selenium.ElementClickInterceptedException: 
Element <button class="btn btn-custom"> is not clickable at point (1284,27) because another element <div class="ngx-spinner-overlay ng-tns-c31-1 ng-trigger ng-trigger-fadeIn ng-star-inserted"> obscures it
Build info: version: '4.19.1', revision: 'abe0ee07dc'
System info: os.name: 'Windows 10', os.arch: 'amd64', os.version: '10.0', java.version: '17.0.3.1'
Driver info: org.openqa.selenium.firefox.FirefoxDriver
Command: [4e26d0cd-6841-4111-8fa6-161a1cce6a50, clickElement {id=5b2649d1-f215-4859-8e2c-4daedcf01c20}]
Capabilities {acceptInsecureCerts: true, browserName: firefox, browserVersion: 126.0, moz:accessibilityChecks: false, moz:buildID: 20240509170740, moz:debuggerAddress: 127.0.0.1:3837, moz:geckodriverVersion: 0.34.0, moz:headless: false, moz:platformVersion: 10.0, moz:processID: 25388, moz:profile: C:\Users\SARA~1.HUS\AppData..., moz:shutdownTimeout: 60000, moz:webdriverClick: true, moz:windowless: false, pageLoadStrategy: normal, platformName: windows, proxy: Proxy(), se:cdp: ws://127.0.0.1:3837/devtool..., se:cdpVersion: 85.0, setWindowRect: true, strictFileInteractability: false, timeouts: {implicit: 0, pageLoad: 300000, script: 30000}, unhandledPromptBehavior: dismiss and notify, userAgent: Mozilla/5.0 (Windows NT 10....}
Element: [[FirefoxDriver: firefox on windows (4e26d0cd-6841-4111-8fa6-161a1cce6a50)] -> css selector: [routerlink*='cart']]
Session ID: 4e26d0cd-6841-4111-8fa6-161a1cce6a50
	at AutomationFramework.AutomationFrameworkProject.SubmitOrderTest.submitOrder(SubmitOrderTest.java:31)
]]></failure>
  </testcase>
  <testcase name="OrderHistoryTest" classname="AutomationFramework.AutomationFrameworkProject.SubmitOrderTest" time="0">
    <skipped message="Method AutomationFramework.AutomationFrameworkProject.SubmitOrderTest.OrderHistoryTest() on instance AutomationFramework.AutomationFrameworkProject.SubmitOrderTest@6b19b79 depends on not successfully finished methods &#10;[AutomationFramework.AutomationFrameworkProject.SubmitOrderTest.submitOrder() on instance AutomationFramework.AutomationFrameworkProject.SubmitOrderTest@6b19b79]"/>
  </testcase>
</testsuite>